2018-08-24 09:09:24 INFO  [org.jboss.fuse.wsdl2rest.impl.WSDLProcessorImpl] (main) - Services: 
2018-08-24 09:09:24 INFO  [org.jboss.fuse.wsdl2rest.impl.WSDLProcessorImpl] (main) - 	AddressService
2018-08-24 09:09:24 INFO  [org.jboss.fuse.wsdl2rest.impl.WSDLProcessorImpl] (main) - 	Port: AddressPort
2018-08-24 09:09:24 INFO  [org.jboss.fuse.wsdl2rest.impl.WSDLProcessorImpl] (main) - 	Binding: Address
2018-08-24 09:09:24 INFO  [org.jboss.fuse.wsdl2rest.impl.WSDLProcessorImpl] (main) - 	PortType: Address
2018-08-24 09:09:24 INFO  [org.jboss.fuse.wsdl2rest.impl.WSDLProcessorImpl] (main) - 	Operations: 
2018-08-24 09:09:24 INFO  [org.jboss.fuse.wsdl2rest.impl.WSDLProcessorImpl] (main) - 		Operation: delAddress
2018-08-24 09:09:24 INFO  [org.jboss.fuse.wsdl2rest.impl.WSDLProcessorImpl] (main) - 			Input: 
2018-08-24 09:09:24 INFO  [org.jboss.fuse.wsdl2rest.impl.WSDLProcessorImpl] (main) - 			Message: delAddress
2018-08-24 09:09:24 INFO  [org.jboss.fuse.wsdl2rest.impl.WSDLProcessorImpl] (main) - 			Part: :delAddress
2018-08-24 09:09:24 INFO  [org.jboss.fuse.wsdl2rest.impl.WSDLProcessorImpl] (main) - 				Params: org.jboss.fuse.wsdl2rest.test.doclit.DelAddress {http://doclit.test.wsdl2rest.fuse.jboss.org/}delAddress
2018-08-24 09:09:24 INFO  [org.jboss.fuse.wsdl2rest.impl.WSDLProcessorImpl] (main) - 			Output: 
2018-08-24 09:09:24 INFO  [org.jboss.fuse.wsdl2rest.impl.WSDLProcessorImpl] (main) - 			Message: delAddressResponse
2018-08-24 09:09:24 INFO  [org.jboss.fuse.wsdl2rest.impl.WSDLProcessorImpl] (main) - 			Part: :delAddressResponse
2018-08-24 09:09:24 INFO  [org.jboss.fuse.wsdl2rest.impl.WSDLProcessorImpl] (main) - 				Params: org.jboss.fuse.wsdl2rest.test.doclit.DelAddressResponse {http://doclit.test.wsdl2rest.fuse.jboss.org/}delAddressResponse
2018-08-24 09:09:24 INFO  [org.jboss.fuse.wsdl2rest.impl.WSDLProcessorImpl] (main) - 			Faults: 
2018-08-24 09:09:24 INFO  [org.jboss.fuse.wsdl2rest.impl.WSDLProcessorImpl] (main) - 		Operation: addAddress
2018-08-24 09:09:24 INFO  [org.jboss.fuse.wsdl2rest.impl.WSDLProcessorImpl] (main) - 			Input: 
2018-08-24 09:09:24 INFO  [org.jboss.fuse.wsdl2rest.impl.WSDLProcessorImpl] (main) - 			Message: addAddress
2018-08-24 09:09:24 INFO  [org.jboss.fuse.wsdl2rest.impl.WSDLProcessorImpl] (main) - 			Part: :addAddress
2018-08-24 09:09:24 INFO  [org.jboss.fuse.wsdl2rest.impl.WSDLProcessorImpl] (main) - 				Params: org.jboss.fuse.wsdl2rest.test.doclit.AddAddress {http://doclit.test.wsdl2rest.fuse.jboss.org/}addAddress
2018-08-24 09:09:24 INFO  [org.jboss.fuse.wsdl2rest.impl.WSDLProcessorImpl] (main) - 			Output: 
2018-08-24 09:09:24 INFO  [org.jboss.fuse.wsdl2rest.impl.WSDLProcessorImpl] (main) - 			Message: addAddressResponse
2018-08-24 09:09:24 INFO  [org.jboss.fuse.wsdl2rest.impl.WSDLProcessorImpl] (main) - 			Part: :addAddressResponse
2018-08-24 09:09:24 INFO  [org.jboss.fuse.wsdl2rest.impl.WSDLProcessorImpl] (main) - 				Params: org.jboss.fuse.wsdl2rest.test.doclit.AddAddressResponse {http://doclit.test.wsdl2rest.fuse.jboss.org/}addAddressResponse
2018-08-24 09:09:24 INFO  [org.jboss.fuse.wsdl2rest.impl.WSDLProcessorImpl] (main) - 			Faults: 
2018-08-24 09:09:24 INFO  [org.jboss.fuse.wsdl2rest.impl.WSDLProcessorImpl] (main) - 		Operation: listAddresses
2018-08-24 09:09:24 INFO  [org.jboss.fuse.wsdl2rest.impl.WSDLProcessorImpl] (main) - 			Input: 
2018-08-24 09:09:24 INFO  [org.jboss.fuse.wsdl2rest.impl.WSDLProcessorImpl] (main) - 			Message: listAddresses
2018-08-24 09:09:24 INFO  [org.jboss.fuse.wsdl2rest.impl.WSDLProcessorImpl] (main) - 			Part: :listAddresses
2018-08-24 09:09:24 INFO  [org.jboss.fuse.wsdl2rest.impl.WSDLProcessorImpl] (main) - 				Params: org.jboss.fuse.wsdl2rest.test.doclit.ListAddresses {http://doclit.test.wsdl2rest.fuse.jboss.org/}listAddresses
2018-08-24 09:09:24 INFO  [org.jboss.fuse.wsdl2rest.impl.WSDLProcessorImpl] (main) - 			Output: 
2018-08-24 09:09:24 INFO  [org.jboss.fuse.wsdl2rest.impl.WSDLProcessorImpl] (main) - 			Message: listAddressesResponse
2018-08-24 09:09:24 INFO  [org.jboss.fuse.wsdl2rest.impl.WSDLProcessorImpl] (main) - 			Part: :listAddressesResponse
2018-08-24 09:09:24 INFO  [org.jboss.fuse.wsdl2rest.impl.WSDLProcessorImpl] (main) - 				Params: org.jboss.fuse.wsdl2rest.test.doclit.ListAddressesResponse {http://doclit.test.wsdl2rest.fuse.jboss.org/}listAddressesResponse
2018-08-24 09:09:24 INFO  [org.jboss.fuse.wsdl2rest.impl.WSDLProcessorImpl] (main) - 			Faults: 
2018-08-24 09:09:24 INFO  [org.jboss.fuse.wsdl2rest.impl.WSDLProcessorImpl] (main) - 		Operation: updAddress
2018-08-24 09:09:24 INFO  [org.jboss.fuse.wsdl2rest.impl.WSDLProcessorImpl] (main) - 			Input: 
2018-08-24 09:09:24 INFO  [org.jboss.fuse.wsdl2rest.impl.WSDLProcessorImpl] (main) - 			Message: updAddress
2018-08-24 09:09:24 INFO  [org.jboss.fuse.wsdl2rest.impl.WSDLProcessorImpl] (main) - 			Part: :updAddress
2018-08-24 09:09:24 INFO  [org.jboss.fuse.wsdl2rest.impl.WSDLProcessorImpl] (main) - 				Params: org.jboss.fuse.wsdl2rest.test.doclit.UpdAddress {http://doclit.test.wsdl2rest.fuse.jboss.org/}updAddress
2018-08-24 09:09:24 INFO  [org.jboss.fuse.wsdl2rest.impl.WSDLProcessorImpl] (main) - 			Output: 
2018-08-24 09:09:24 INFO  [org.jboss.fuse.wsdl2rest.impl.WSDLProcessorImpl] (main) - 			Message: updAddressResponse
2018-08-24 09:09:24 INFO  [org.jboss.fuse.wsdl2rest.impl.WSDLProcessorImpl] (main) - 			Part: :updAddressResponse
2018-08-24 09:09:24 INFO  [org.jboss.fuse.wsdl2rest.impl.WSDLProcessorImpl] (main) - 				Params: org.jboss.fuse.wsdl2rest.test.doclit.UpdAddressResponse {http://doclit.test.wsdl2rest.fuse.jboss.org/}updAddressResponse
2018-08-24 09:09:24 INFO  [org.jboss.fuse.wsdl2rest.impl.WSDLProcessorImpl] (main) - 			Faults: 
2018-08-24 09:09:24 INFO  [org.jboss.fuse.wsdl2rest.impl.WSDLProcessorImpl] (main) - 		Operation: getAddress
2018-08-24 09:09:24 INFO  [org.jboss.fuse.wsdl2rest.impl.WSDLProcessorImpl] (main) - 			Input: 
2018-08-24 09:09:24 INFO  [org.jboss.fuse.wsdl2rest.impl.WSDLProcessorImpl] (main) - 			Message: getAddress
2018-08-24 09:09:24 INFO  [org.jboss.fuse.wsdl2rest.impl.WSDLProcessorImpl] (main) - 			Part: :getAddress
2018-08-24 09:09:24 INFO  [org.jboss.fuse.wsdl2rest.impl.WSDLProcessorImpl] (main) - 				Params: org.jboss.fuse.wsdl2rest.test.doclit.GetAddress {http://doclit.test.wsdl2rest.fuse.jboss.org/}getAddress
2018-08-24 09:09:24 INFO  [org.jboss.fuse.wsdl2rest.impl.WSDLProcessorImpl] (main) - 			Output: 
2018-08-24 09:09:24 INFO  [org.jboss.fuse.wsdl2rest.impl.WSDLProcessorImpl] (main) - 			Message: getAddressResponse
2018-08-24 09:09:24 INFO  [org.jboss.fuse.wsdl2rest.impl.WSDLProcessorImpl] (main) - 			Part: :getAddressResponse
2018-08-24 09:09:24 INFO  [org.jboss.fuse.wsdl2rest.impl.WSDLProcessorImpl] (main) - 				Params: org.jboss.fuse.wsdl2rest.test.doclit.GetAddressResponse {http://doclit.test.wsdl2rest.fuse.jboss.org/}getAddressResponse
2018-08-24 09:09:24 INFO  [org.jboss.fuse.wsdl2rest.impl.WSDLProcessorImpl] (main) - 			Faults: 
2018-08-24 09:09:24 DEBUG [org.apache.cxf.common.logging.LogUtils] (main) - Using org.apache.cxf.common.logging.Log4jLogger for logging.
2018-08-24 09:09:24 DEBUG [org.apache.cxf.tools.wsdlto.core.PluginLoader] (main) - Loading plugin jar:file:/C:/Users/brianf/Documents/GitHub/generator-camel-project-fork/generators/wsdl2rest/target/wsdl2rest.jar!/META-INF/tools-plugin.xml
2018-08-24 09:09:24 DEBUG [org.apache.cxf.tools.wsdlto.core.PluginLoader] (main) - Found 4 databindings in <source> plugin.
2018-08-24 09:09:24 DEBUG [org.apache.cxf.tools.wsdlto.core.PluginLoader] (main) - Loading <source> databinding from <source> plugin.
2018-08-24 09:09:24 DEBUG [org.apache.cxf.tools.wsdlto.core.PluginLoader] (main) - Loading <domsource> databinding from <source> plugin.
2018-08-24 09:09:24 DEBUG [org.apache.cxf.tools.wsdlto.core.PluginLoader] (main) - Loading <staxsource> databinding from <source> plugin.
2018-08-24 09:09:24 DEBUG [org.apache.cxf.tools.wsdlto.core.PluginLoader] (main) - Loading <saxsource> databinding from <source> plugin.
2018-08-24 09:09:24 ERROR [org.jboss.fuse.wsdl2rest.impl.Main] (main) - Error executing command
org.apache.cxf.tools.common.ToolException: Could not find jaxws frontend within classpath
	at org.apache.cxf.tools.wsdlto.core.PluginLoader.getFrontEnd(PluginLoader.java:254)
	at org.apache.cxf.tools.wsdlto.core.PluginLoader.getFrontEndProfile(PluginLoader.java:389)
	at org.apache.cxf.tools.wsdlto.WSDLToJava.loadFrontEnd(WSDLToJava.java:64)
	at org.apache.cxf.tools.wsdlto.WSDLToJava.run(WSDLToJava.java:96)
	at org.apache.cxf.tools.wsdlto.WSDLToJava.run(WSDLToJava.java:86)
	at org.jboss.fuse.wsdl2rest.impl.codegen.JavaTypeGenerator.execute(JavaTypeGenerator.java:36)
	at org.jboss.fuse.wsdl2rest.impl.Wsdl2Rest.process(Wsdl2Rest.java:77)
	at org.jboss.fuse.wsdl2rest.impl.Main.mainInternal(Main.java:60)
	at org.jboss.fuse.wsdl2rest.impl.Main.main(Main.java:36)
